--------------------------------------------------------------------------------
Release 14.1 Trace  (nt64)
Copyright (c) 1995-2012 Xilinx, Inc.  All rights reserved.

C:\Xilinx\14.1\ISE_DS\ISE\bin\nt64\unwrapped\trce.exe -intstyle ise -v 3 -s 5
-n 3 -fastpaths -xml Ascensor.twx Ascensor.ncd -o Ascensor.twr Ascensor.pcf
-ucf Ascensor.ucf

Design file:              Ascensor.ncd
Physical constraint file: Ascensor.pcf
Device,package,speed:     xc3s200,ft256,-5 (PRODUCTION 1.39 2012-04-23)
Report level:             verbose report

Environment Variable      Effect 
--------------------      ------ 
NONE                      No environment variables were set
--------------------------------------------------------------------------------

INFO:Timing:2698 - No timing constraints found, doing default enumeration.
INFO:Timing:3412 - To improve timing, see the Timing Closure User Guide (UG612).
INFO:Timing:2752 - To get complete path coverage, use the unconstrained paths 
   option. All paths that are not constrained will be reported in the 
   unconstrained paths section(s) of the report.
INFO:Timing:3339 - The clock-to-out numbers in this timing report are based on 
   a 50 Ohm transmission line loading model.  For the details of this model, 
   and for more information on accounting for different loading conditions, 
   please see the device datasheet.
INFO:Timing:3390 - This architecture does not support a default System Jitter 
   value, please add SYSTEM_JITTER constraint to the UCF to modify the Clock 
   Uncertainty calculation.
INFO:Timing:3389 - This architecture does not support 'Discrete Jitter' and 
   'Phase Error' calculations, these terms will be zero in the Clock 
   Uncertainty calculation.  Please make appropriate modification to 
   SYSTEM_JITTER to account for the unsupported Discrete Jitter and Phase 
   Error.



Data Sheet report:
-----------------
All values displayed in nanoseconds (ns)

Setup/Hold to clock clk
---------------------+------------+------------+------------------+--------+
                     |Max Setup to|Max Hold to |                  | Clock  |
Source               | clk (edge) | clk (edge) |Internal Clock(s) | Phase  |
---------------------+------------+------------+------------------+--------+
Piso_Actual_Sensor<0>|    1.372(F)|    0.252(F)|clk_BUFGP         |   0.000|
Piso_Actual_Sensor<1>|    1.225(F)|    0.359(F)|clk_BUFGP         |   0.000|
Piso_Actual_Sensor<2>|    1.011(F)|    0.628(F)|clk_BUFGP         |   0.000|
Piso_Actual_Sensor<3>|    0.739(F)|    0.685(F)|clk_BUFGP         |   0.000|
Piso_Deseado<0>      |    1.755(F)|    0.067(F)|clk_BUFGP         |   0.000|
Piso_Deseado<1>      |    1.489(F)|    0.306(F)|clk_BUFGP         |   0.000|
Piso_Deseado<2>      |    1.317(F)|    0.624(F)|clk_BUFGP         |   0.000|
Piso_Deseado<3>      |    0.728(F)|    0.693(F)|clk_BUFGP         |   0.000|
---------------------+------------+------------+------------------+--------+

Clock clk to Pad
----------------------+------------+------------------+--------+
                      | clk (edge) |                  | Clock  |
Destination           |   to PAD   |Internal Clock(s) | Phase  |
----------------------+------------+------------------+--------+
Piso_Actual_Display<0>|    8.984(F)|clk_BUFGP         |   0.000|
Piso_Actual_Display<1>|    9.940(F)|clk_BUFGP         |   0.000|
Piso_Actual_Display<2>|    8.679(F)|clk_BUFGP         |   0.000|
Piso_Actual_Display<3>|   10.106(F)|clk_BUFGP         |   0.000|
Piso_Actual_Display<4>|    9.285(F)|clk_BUFGP         |   0.000|
Piso_Actual_Display<6>|   10.180(F)|clk_BUFGP         |   0.000|
----------------------+------------+------------------+--------+

Clock to Setup on destination clock clk
---------------+---------+---------+---------+---------+
               | Src:Rise| Src:Fall| Src:Rise| Src:Fall|
Source Clock   |Dest:Rise|Dest:Rise|Dest:Fall|Dest:Fall|
---------------+---------+---------+---------+---------+
clk            |    5.031|         |         |    2.047|
---------------+---------+---------+---------+---------+


Analysis completed Fri Jan 09 11:37:18 2015 
--------------------------------------------------------------------------------

Trace Settings:
-------------------------
Trace Settings 

Peak Memory Usage: 141 MB



