Running: C:\Xilinx\14.1\ISE_DS\ISE\bin\nt64\unwrapped\fuse.exe -intstyle ise -incremental -o C:/Users/Daniel/Desktop/Proyecto_SED/TBDecodificadorPD_isim_beh.exe -prj C:/Users/Daniel/Desktop/Proyecto_SED/TBDecodificadorPD_beh.prj work.TBDecodificadorPD -timeprecision_vhdl 1ns 
ISim P.15xf (signature 0xc3576ebc)
Number of CPUs detected in this system: 4
Turning on mult-threading, number of parallel sub-compilation jobs: 8 
Determining compilation order of HDL files
Parsing VHDL file "C:/Users/Daniel/Desktop/Proyecto_SED/ModuloDisplay.vhd" into library work
Parsing VHDL file "C:/Users/Daniel/Desktop/Proyecto_SED/TBDecodificadorPD.vhd" into library work
Starting static elaboration
Completed static elaboration
Compiling package standard
Compiling package std_logic_1164
Compiling package std_logic_arith
Compiling package std_logic_unsigned
Compiling architecture behavioral of entity DecodificadorPD [decodificadorpd_default]
Compiling architecture behavior of entity tbdecodificadorpd
Time Resolution for simulation is 1ns.
Compiled 7 VHDL Units
Built simulation executable C:/Users/Daniel/Desktop/Proyecto_SED/TBDecodificadorPD_isim_beh.exe
Fuse Memory Usage: 32360 KB
Fuse CPU Usage: 670 ms
