ISim log file
Running: C:\Users\Diego\Documents\GitHub\Proyecto_SED\tb_Ascensor_isim_beh.exe -intstyle ise -gui -tclbatch isim.cmd -wdb C:/Users/Diego/Documents/GitHub/Proyecto_SED/tb_Ascensor_isim_beh.wdb 
ISim P.15xf (signature 0xc3576ebc)
This is a Full version of ISim.
Time resolution is 1 ns
# onerror resume
# wave add /
# run 1000 ns
Simulator is doing circuit initialization process.
Finished circuit initialization process.
at 5 ns(1), Instance /tb_ascensor/uut/Inst_ModuloDisplay/ : Warning: There is an 'U'|'X'|'W'|'Z'|'-' in an arithmetic operand, the result will be 'X'(es).
# restart
# run all
Simulator is doing circuit initialization process.
Finished circuit initialization process.
Stopped at time : 8764930 ns : File "C:/Users/Diego/Documents/GitHub/Proyecto_SED/clk_divider.vhd" Line 19
# restart
# run all
Simulator is doing circuit initialization process.
Finished circuit initialization process.
Stopped at time : 3292035 ns : File "C:/Users/Diego/Documents/GitHub/Proyecto_SED/clk_divider.vhd" Line 19
# restart
# run all
Simulator is doing circuit initialization process.
Finished circuit initialization process.
Stopped at time : 6685025 ns : File "C:/Users/Diego/Documents/GitHub/Proyecto_SED/clk_divider.vhd" Line 19
